
> ictirc@ build C:\dev\Monorepo\ICTIRC
> turbo build

ΓÇó turbo 2.8.0
ΓÇó Packages in scope: @ictirc/admin, @ictirc/author, @ictirc/backup, @ictirc/config, @ictirc/database, @ictirc/docs, @ictirc/email, @ictirc/search, @ictirc/seo, @ictirc/storage, @ictirc/submission-form, @ictirc/ui, @ictirc/web
ΓÇó Running build in 13 packages
ΓÇó Remote caching disabled
@ictirc/database:db:generate: cache bypass, force executing f57a8fdca4b6a532
@ictirc/seo:build: cache hit, replaying logs 7907b13e5593c057
@ictirc/seo:build: 
@ictirc/seo:build: > @ictirc/seo@0.0.0 build C:\dev\Monorepo\ICTIRC\packages\seo
@ictirc/seo:build: > tsc
@ictirc/seo:build: 
@ictirc/email:build: cache hit, replaying logs 95bc87a83c728656
@ictirc/email:build: 
@ictirc/email:build: > @ictirc/email@0.0.0 build C:\dev\Monorepo\ICTIRC\packages\email
@ictirc/email:build: > tsc
@ictirc/email:build: 
@ictirc/storage:build: cache hit, replaying logs 6e1a8aac436cddf2
@ictirc/storage:build: 
@ictirc/storage:build: > @ictirc/storage@0.0.0 build C:\dev\Monorepo\ICTIRC\packages\storage
@ictirc/storage:build: > tsc
@ictirc/storage:build: 
@ictirc/ui:build: cache hit, replaying logs c0e536b186fc450b
@ictirc/ui:build: 
@ictirc/ui:build: > @ictirc/ui@0.0.0 build C:\dev\Monorepo\ICTIRC\packages\ui
@ictirc/ui:build: > tsc
@ictirc/ui:build: 
@ictirc/docs:build: cache miss, executing e5fd4fcb3c5d3cdc
@ictirc/docs:build: 
@ictirc/docs:build: > @ictirc/docs@0.0.0 build C:\dev\Monorepo\ICTIRC\apps\docs
@ictirc/docs:build: > next build
@ictirc/docs:build: 
@ictirc/database:db:generate: 
@ictirc/database:db:generate: > @ictirc/database@0.0.0 db:generate C:\dev\Monorepo\ICTIRC\packages\database
@ictirc/database:db:generate: > prisma generate
@ictirc/database:db:generate: 
@ictirc/database:db:generate: Environment variables loaded from .env
@ictirc/database:db:generate: Prisma schema loaded from prisma\schema.prisma
@ictirc/database:db:generate: 
@ictirc/database:db:generate: Γ£ö Generated Prisma Client (v6.3.0) to .\..\..\node_modules\@prisma\client in 228ms
@ictirc/database:db:generate: 
@ictirc/database:db:generate: Start by importing your Prisma Client (See: https://pris.ly/d/importing-client)
@ictirc/database:db:generate: 
@ictirc/database:db:generate: Tip: Interested in query caching in just a few lines of code? Try Accelerate today! https://pris.ly/tip-3-accelerate
@ictirc/database:db:generate: 
@ictirc/docs:build: Γû▓ Next.js 16.2.0-canary.17 (Turbopack)
@ictirc/docs:build: - Environments: .env.local
@ictirc/docs:build: - Experiments (use with caution):
@ictirc/docs:build:   ┬╖ optimizePackageImports
@ictirc/docs:build: 
@ictirc/docs:build:   Creating an optimized production build ...
@ictirc/database:build: cache hit, replaying logs 5c3eb8dfaa552ee4
@ictirc/database:build: 
@ictirc/database:build: > @ictirc/database@0.0.0 build C:\dev\Monorepo\ICTIRC\packages\database
@ictirc/database:build: > tsc
@ictirc/database:build: 
@ictirc/search:build: cache hit, replaying logs 939067ca4aa5c3d3
@ictirc/search:build: 
@ictirc/search:build: > @ictirc/search@0.1.0 build C:\dev\Monorepo\ICTIRC\packages\search
@ictirc/search:build: > tsc
@ictirc/search:build: 
@ictirc/admin:build: cache miss, executing 8024cdb224d088f5
@ictirc/author:build: cache miss, executing cab5337317c94ba4
@ictirc/web:build: cache miss, executing da256eae118680bc
@ictirc/admin:build: 
@ictirc/admin:build: > @ictirc/admin@0.0.0 build C:\dev\Monorepo\ICTIRC\apps\admin
@ictirc/admin:build: > next build
@ictirc/admin:build: 
@ictirc/author:build: 
@ictirc/author:build: > @ictirc/author@0.0.0 build C:\dev\Monorepo\ICTIRC\apps\author
@ictirc/author:build: > pnpm --filter @ictirc/database run db:generate && next build
@ictirc/author:build: 
@ictirc/web:build: 
@ictirc/web:build: > @ictirc/web@1.1.0 build C:\dev\Monorepo\ICTIRC\apps\web
@ictirc/web:build: > pnpm --filter @ictirc/database run db:generate && next build
@ictirc/web:build: 
@ictirc/author:build: 
@ictirc/author:build: > @ictirc/database@0.0.0 db:generate C:\dev\Monorepo\ICTIRC\packages\database
@ictirc/author:build: > prisma generate
@ictirc/author:build: 
@ictirc/web:build: 
@ictirc/web:build: > @ictirc/database@0.0.0 db:generate C:\dev\Monorepo\ICTIRC\packages\database
@ictirc/web:build: > prisma generate
@ictirc/web:build: 
@ictirc/web:build: Environment variables loaded from .env
@ictirc/author:build: Environment variables loaded from .env
@ictirc/web:build: Prisma schema loaded from prisma\schema.prisma
@ictirc/author:build: Prisma schema loaded from prisma\schema.prisma
@ictirc/admin:build: Γû▓ Next.js 16.2.0-canary.17 (Turbopack)
@ictirc/admin:build: - Environments: .env.local
@ictirc/admin:build: - Experiments (use with caution):
@ictirc/admin:build:   ┬╖ optimizePackageImports
@ictirc/admin:build:   ┬╖ serverActions
@ictirc/admin:build: 
@ictirc/admin:build:   Creating an optimized production build ...
@ictirc/author:build: 
@ictirc/author:build: Γ£ö Generated Prisma Client (v6.3.0) to .\..\..\node_modules\@prisma\client in 341ms
@ictirc/author:build: 
@ictirc/author:build: Start by importing your Prisma Client (See: https://pris.ly/d/importing-client)
@ictirc/author:build: 
@ictirc/author:build: Tip: Want to turn off tips and other hints? https://pris.ly/tip-4-nohints
@ictirc/author:build: 
@ictirc/web:build: 
@ictirc/web:build: Γ£ö Generated Prisma Client (v6.3.0) to .\..\..\node_modules\@prisma\client in 380ms
@ictirc/web:build: 
@ictirc/web:build: Start by importing your Prisma Client (See: https://pris.ly/d/importing-client)
@ictirc/web:build: 
@ictirc/web:build: Tip: Interested in query caching in just a few lines of code? Try Accelerate today! https://pris.ly/tip-3-accelerate
@ictirc/web:build: 
@ictirc/docs:build: 
@ictirc/docs:build: > Build error occurred
@ictirc/docs:build: Error: Turbopack build failed with 1 errors:
@ictirc/docs:build: ./apps/docs/next.config.ts
@ictirc/docs:build: Failed to resolve package babel-plugin-react-compiler while attempting to resolve React Compiler
@ictirc/docs:build: React compiler is enabled in apps/docs/next.config.ts. We attempted to resolve React Compiler relative to the next package. Is babel-plugin-react-compiler installed in your node_modules directory?
@ictirc/docs:build: 
@ictirc/docs:build: 
@ictirc/docs:build:     at ignore-listed frames
@ictirc/docs:build: ΓÇëELIFECYCLEΓÇë Command failed with exit code 1.
@ictirc/web:build: Warning: Custom Cache-Control headers detected for the following routes:
@ictirc/web:build:   - /_next/static/(.*)
@ictirc/web:build: 
@ictirc/web:build: Setting a custom Cache-Control header can break Next.js development behavior.
@ictirc/author:build: Γû▓ Next.js 16.2.0-canary.17 (Turbopack)
@ictirc/author:build: - Environments: .env.local
@ictirc/author:build: - Experiments (use with caution):
@ictirc/author:build:   ┬╖ optimizePackageImports
@ictirc/author:build:   ┬╖ serverActions
@ictirc/author:build: 
@ictirc/author:build:   Creating an optimized production build ...
@ictirc/web:build: Γû▓ Next.js 16.2.0-canary.17 (Turbopack)
@ictirc/web:build: - Environments: .env.local
@ictirc/web:build: - Experiments (use with caution):
@ictirc/web:build:   ┬╖ optimizePackageImports
@ictirc/web:build:   ┬╖ serverActions
@ictirc/web:build: 
@ictirc/web:build:   Creating an optimized production build ...
@ictirc/author:build: Turbopack build encountered 1 warnings:
@ictirc/author:build: [externals]/@prisma/client
@ictirc/author:build: unexpected export *
@ictirc/author:build: export * used with module [externals]/@prisma/client [external] (@prisma/client, cjs, [project]/node_modules/@prisma/client) which is a CommonJS module with exports only available at runtime
@ictirc/author:build: List all export names manually (`export { a, b, c } from "...") or rewrite the module to ESM, to avoid the additional runtime code.`
@ictirc/author:build: 
@ictirc/author:build: Import trace:
@ictirc/author:build:   external:
@ictirc/author:build:     [externals]/@prisma/client [external]
@ictirc/author:build:     ./apps/author/src/app/auth/callback/route.ts [App Route]
@ictirc/author:build: 
@ictirc/author:build: 
@ictirc/author:build: 
@ictirc/author:build: > Build error occurred
@ictirc/author:build: Error: Turbopack build failed with 1 errors:
@ictirc/author:build: ./apps/author/next.config.ts
@ictirc/author:build: Failed to resolve package babel-plugin-react-compiler while attempting to resolve React Compiler
@ictirc/author:build: React compiler is enabled in apps/author/next.config.ts. We attempted to resolve React Compiler relative to the next package. Is babel-plugin-react-compiler installed in your node_modules directory?
@ictirc/author:build: 
@ictirc/author:build: 
@ictirc/author:build:     at ignore-listed frames
@ictirc/author:build: ΓÇëELIFECYCLEΓÇë Command failed with exit code 1.
@ictirc/admin:build: Turbopack build encountered 1 warnings:
@ictirc/admin:build: [externals]/@prisma/client
@ictirc/admin:build: unexpected export *
@ictirc/admin:build: export * used with module [externals]/@prisma/client [external] (@prisma/client, cjs, [project]/node_modules/@prisma/client) which is a CommonJS module with exports only available at runtime
@ictirc/admin:build: List all export names manually (`export { a, b, c } from "...") or rewrite the module to ESM, to avoid the additional runtime code.`
@ictirc/admin:build: 
@ictirc/admin:build: Import trace:
@ictirc/admin:build:   external:
@ictirc/admin:build:     [externals]/@prisma/client [external]
@ictirc/admin:build:     ./packages/database/src/client.ts [App Route]
@ictirc/admin:build:     ./apps/admin/src/app/api/papers/[id]/comments/route.ts [App Route]
@ictirc/admin:build: 
@ictirc/admin:build: 
@ictirc/admin:build: 
@ictirc/admin:build: > Build error occurred
@ictirc/admin:build: Error: Turbopack build failed with 1 errors:
@ictirc/admin:build: ./apps/admin/next.config.ts
@ictirc/admin:build: Failed to resolve package babel-plugin-react-compiler while attempting to resolve React Compiler
@ictirc/admin:build: React compiler is enabled in apps/admin/next.config.ts. We attempted to resolve React Compiler relative to the next package. Is babel-plugin-react-compiler installed in your node_modules directory?
@ictirc/admin:build: 
@ictirc/admin:build: 
@ictirc/admin:build:     at ignore-listed frames
@ictirc/admin:build: ΓÇëELIFECYCLEΓÇë Command failed with exit code 1.
@ictirc/web:build: 
@ictirc/web:build: > Build error occurred
@ictirc/web:build: Error: Turbopack build failed with 1 errors:
@ictirc/web:build: ./apps/web/next.config.ts
@ictirc/web:build: Failed to resolve package babel-plugin-react-compiler while attempting to resolve React Compiler
@ictirc/web:build: React compiler is enabled in apps/web/next.config.ts. We attempted to resolve React Compiler relative to the next package. Is babel-plugin-react-compiler installed in your node_modules directory?
@ictirc/web:build: 
@ictirc/web:build: 
@ictirc/web:build:     at ignore-listed frames
@ictirc/web:build: ΓÇëELIFECYCLEΓÇë Command failed with exit code 1.
