Scope: all 14 workspace projects
Lockfile is up to date, resolution step is skipped
Progress: resolved 0, reused 1, downloaded 0, added 0
Packages: +20 -108
++++++++++++--------------------------------------------------------------------
Progress: resolved 0, reused 120, downloaded 0, added 14
Progress: resolved 0, reused 120, downloaded 0, added 20, done

devDependencies:
+ @ictirc/config 0.0.0 <- packages\config

. postinstall$ pnpm --filter @ictirc/database run db:generate
. postinstall: > @ictirc/database@0.0.0 db:generate C:\dev\Monorepo\ICTIRC\packages\database
. postinstall: > prisma generate
. postinstall: Environment variables loaded from .env
. postinstall: Prisma schema loaded from prisma\schema.prisma
. postinstall: Error: 
. postinstall: EPERM: operation not permitted, rename 'C:\dev\Monorepo\ICTIRC\node_modules\.prisma\client\query_engine-windows.dll.node.tmp8852' -> 'C:\dev\Monorepo\ICTIRC\node_modules\.prisma\client\query_engine-windows.dll.node'
. postinstall: C:\dev\Monorepo\ICTIRC\packages\database:
. postinstall: ΓÇëERR_PNPM_RECURSIVE_RUN_FIRST_FAILΓÇë @ictirc/database@0.0.0 db:generate: `prisma generate`
. postinstall: Exit status 1
. postinstall: Failed
ΓÇëELIFECYCLEΓÇë Command failed with exit code 1.
